<?xml version="1.0" encoding="UTF-8"?>
<testng-results ignored="0" total="10" passed="8" failed="2" skipped="0">
  <reporter-output>
  </reporter-output>
  <suite started-at="2019-07-22T13:03:33Z" name="Default suite" finished-at="2019-07-22T13:03:45Z" duration-ms="11433">
    <groups>
    </groups>
    <test started-at="2019-07-22T13:03:33Z" name="Default test" finished-at="2019-07-22T13:03:45Z" duration-ms="11433">
      <class name="AppTest.AppTest">
        <test-method signature="API_Response_Time(java.lang.String, java.lang.String, java.lang.String, java.lang.String, java.lang.String, java.lang.String, java.lang.String)[pri:0, instance:AppTest.AppTest@8909f18]" started-at="2019-07-22T13:03:33Z" name="API_Response_Time" data-provider="API_Data" finished-at="2019-07-22T13:03:37Z" duration-ms="3336" status="PASS">
          <params>
            <param index="0">
              <value>
                <![CDATA[http://webapicalpro-env.us-west-2.elasticbeanstalk.com]]>
              </value>
            </param>
            <param index="1">
              <value>
                <![CDATA[Content-Type]]>
              </value>
            </param>
            <param index="2">
              <value>
                <![CDATA[application/json]]>
              </value>
            </param>
            <param index="3">
              <value>
                <![CDATA[Authorization]]>
              </value>
            </param>
            <param index="4">
              <value>
                <![CDATA[TGCb5DhctUYBdzBB6XZVI9NbsOywxlPfnZGBc1dWva98YkHuiJPlNeeZeWu8RnPi]]>
              </value>
            </param>
            <param index="5">
              <value>
                <![CDATA[/api/FilingTypes]]>
              </value>
            </param>
            <param index="6">
              <value>
                <![CDATA[3]]>
              </value>
            </param>
          </params>
          <reporter-output>
          </reporter-output>
        </test-method> <!-- API_Response_Time -->
        <test-method signature="API_Response_Time(java.lang.String, java.lang.String, java.lang.String, java.lang.String, java.lang.String, java.lang.String, java.lang.String)[pri:0, instance:AppTest.AppTest@8909f18]" started-at="2019-07-22T13:03:37Z" name="API_Response_Time" data-provider="API_Data" finished-at="2019-07-22T13:03:38Z" duration-ms="985" status="PASS">
          <params>
            <param index="0">
              <value>
                <![CDATA[http://webapicalpro-env.us-west-2.elasticbeanstalk.com]]>
              </value>
            </param>
            <param index="1">
              <value>
                <![CDATA[Content-Type]]>
              </value>
            </param>
            <param index="2">
              <value>
                <![CDATA[application/json]]>
              </value>
            </param>
            <param index="3">
              <value>
                <![CDATA[Authorization]]>
              </value>
            </param>
            <param index="4">
              <value>
                <![CDATA[TGCb5DhctUYBdzBB6XZVI9NbsOywxlPfnZGBc1dWva98YkHuiJPlNeeZeWu8RnPi]]>
              </value>
            </param>
            <param index="5">
              <value>
                <![CDATA[/api/Currencies]]>
              </value>
            </param>
            <param index="6">
              <value>
                <![CDATA[172]]>
              </value>
            </param>
          </params>
          <reporter-output>
          </reporter-output>
        </test-method> <!-- API_Response_Time -->
        <test-method signature="API_Responsebody_Array_Length(java.lang.String, java.lang.String, java.lang.String, java.lang.String, java.lang.String, java.lang.String, java.lang.String)[pri:0, instance:AppTest.AppTest@8909f18]" started-at="2019-07-22T13:03:38Z" name="API_Responsebody_Array_Length" data-provider="API_Data" finished-at="2019-07-22T13:03:39Z" duration-ms="1595" status="PASS">
          <params>
            <param index="0">
              <value>
                <![CDATA[http://webapicalpro-env.us-west-2.elasticbeanstalk.com]]>
              </value>
            </param>
            <param index="1">
              <value>
                <![CDATA[Content-Type]]>
              </value>
            </param>
            <param index="2">
              <value>
                <![CDATA[application/json]]>
              </value>
            </param>
            <param index="3">
              <value>
                <![CDATA[Authorization]]>
              </value>
            </param>
            <param index="4">
              <value>
                <![CDATA[TGCb5DhctUYBdzBB6XZVI9NbsOywxlPfnZGBc1dWva98YkHuiJPlNeeZeWu8RnPi]]>
              </value>
            </param>
            <param index="5">
              <value>
                <![CDATA[/api/FilingTypes]]>
              </value>
            </param>
            <param index="6">
              <value>
                <![CDATA[3]]>
              </value>
            </param>
          </params>
          <reporter-output>
          </reporter-output>
        </test-method> <!-- API_Responsebody_Array_Length -->
        <test-method signature="API_Responsebody_Array_Length(java.lang.String, java.lang.String, java.lang.String, java.lang.String, java.lang.String, java.lang.String, java.lang.String)[pri:0, instance:AppTest.AppTest@8909f18]" started-at="2019-07-22T13:03:39Z" name="API_Responsebody_Array_Length" data-provider="API_Data" finished-at="2019-07-22T13:03:40Z" duration-ms="937" status="PASS">
          <params>
            <param index="0">
              <value>
                <![CDATA[http://webapicalpro-env.us-west-2.elasticbeanstalk.com]]>
              </value>
            </param>
            <param index="1">
              <value>
                <![CDATA[Content-Type]]>
              </value>
            </param>
            <param index="2">
              <value>
                <![CDATA[application/json]]>
              </value>
            </param>
            <param index="3">
              <value>
                <![CDATA[Authorization]]>
              </value>
            </param>
            <param index="4">
              <value>
                <![CDATA[TGCb5DhctUYBdzBB6XZVI9NbsOywxlPfnZGBc1dWva98YkHuiJPlNeeZeWu8RnPi]]>
              </value>
            </param>
            <param index="5">
              <value>
                <![CDATA[/api/Currencies]]>
              </value>
            </param>
            <param index="6">
              <value>
                <![CDATA[172]]>
              </value>
            </param>
          </params>
          <reporter-output>
          </reporter-output>
        </test-method> <!-- API_Responsebody_Array_Length -->
        <test-method signature="API_Responsebody_Array_Length1(java.lang.String, java.lang.String, java.lang.String, java.lang.String, java.lang.String, java.lang.String, java.lang.String)[pri:0, instance:AppTest.AppTest@8909f18]" started-at="2019-07-22T13:03:40Z" name="API_Responsebody_Array_Length1" data-provider="API_Data" finished-at="2019-07-22T13:03:41Z" duration-ms="776" status="FAIL">
          <params>
            <param index="0">
              <value>
                <![CDATA[http://webapicalpro-env.us-west-2.elasticbeanstalk.com]]>
              </value>
            </param>
            <param index="1">
              <value>
                <![CDATA[Content-Type]]>
              </value>
            </param>
            <param index="2">
              <value>
                <![CDATA[application/json]]>
              </value>
            </param>
            <param index="3">
              <value>
                <![CDATA[Authorization]]>
              </value>
            </param>
            <param index="4">
              <value>
                <![CDATA[TGCb5DhctUYBdzBB6XZVI9NbsOywxlPfnZGBc1dWva98YkHuiJPlNeeZeWu8RnPi]]>
              </value>
            </param>
            <param index="5">
              <value>
                <![CDATA[/api/FilingTypes]]>
              </value>
            </param>
            <param index="6">
              <value>
                <![CDATA[3]]>
              </value>
            </param>
          </params>
          <exception class="java.lang.IllegalArgumentException">
            <message>
              <![CDATA[Schema to use cannot be null]]>
            </message>
            <full-stacktrace>
              <![CDATA[java.lang.IllegalArgumentException: Schema to use cannot be null
at io.restassured.module.jsv.JsonSchemaValidator.validateSchemaIsNotNull(JsonSchemaValidator.java:270)
at io.restassured.module.jsv.JsonSchemaValidator.access$300(JsonSchemaValidator.java:75)
at io.restassured.module.jsv.JsonSchemaValidator$JsonSchemaValidatorFactory.create(JsonSchemaValidator.java:281)
at io.restassured.module.jsv.JsonSchemaValidator.matchesJsonSchema(JsonSchemaValidator.java:166)
at io.restassured.module.jsv.JsonSchemaValidator.matchesJsonSchemaInClasspath(JsonSchemaValidator.java:117)
at AppTest.AppTest.API_Responsebody_Array_Length1(AppTest.java:184)
at java.base/jdk.internal.reflect.NativeMethodAccessorImpl.invoke0(Native Method)
at java.base/jdk.internal.reflect.NativeMethodAccessorImpl.invoke(NativeMethodAccessorImpl.java:62)
at java.base/jdk.internal.reflect.DelegatingMethodAccessorImpl.invoke(DelegatingMethodAccessorImpl.java:43)
at java.base/java.lang.reflect.Method.invoke(Method.java:567)
at org.testng.internal.MethodInvocationHelper.invokeMethod(MethodInvocationHelper.java:124)
at org.testng.internal.Invoker.invokeMethod(Invoker.java:583)
at org.testng.internal.Invoker.invokeTestMethod(Invoker.java:719)
at org.testng.internal.Invoker.invokeTestMethods(Invoker.java:989)
at org.testng.internal.TestMethodWorker.invokeTestMethods(TestMethodWorker.java:125)
at org.testng.internal.TestMethodWorker.run(TestMethodWorker.java:109)
at org.testng.TestRunner.privateRun(TestRunner.java:648)
at org.testng.TestRunner.run(TestRunner.java:505)
at org.testng.SuiteRunner.runTest(SuiteRunner.java:455)
at org.testng.SuiteRunner.runSequentially(SuiteRunner.java:450)
at org.testng.SuiteRunner.privateRun(SuiteRunner.java:415)
at org.testng.SuiteRunner.run(SuiteRunner.java:364)
at org.testng.SuiteRunnerWorker.runSuite(SuiteRunnerWorker.java:52)
at org.testng.SuiteRunnerWorker.run(SuiteRunnerWorker.java:84)
at org.testng.TestNG.runSuitesSequentially(TestNG.java:1208)
at org.testng.TestNG.runSuitesLocally(TestNG.java:1137)
at org.testng.TestNG.runSuites(TestNG.java:1049)
at org.testng.TestNG.run(TestNG.java:1017)
at org.testng.remote.AbstractRemoteTestNG.run(AbstractRemoteTestNG.java:115)
at org.testng.remote.RemoteTestNG.initAndRun(RemoteTestNG.java:251)
at org.testng.remote.RemoteTestNG.main(RemoteTestNG.java:77)
]]>
            </full-stacktrace>
          </exception> <!-- java.lang.IllegalArgumentException -->
          <reporter-output>
          </reporter-output>
        </test-method> <!-- API_Responsebody_Array_Length1 -->
        <test-method signature="API_Responsebody_Array_Length1(java.lang.String, java.lang.String, java.lang.String, java.lang.String, java.lang.String, java.lang.String, java.lang.String)[pri:0, instance:AppTest.AppTest@8909f18]" started-at="2019-07-22T13:03:41Z" name="API_Responsebody_Array_Length1" data-provider="API_Data" finished-at="2019-07-22T13:03:42Z" duration-ms="791" status="FAIL">
          <params>
            <param index="0">
              <value>
                <![CDATA[http://webapicalpro-env.us-west-2.elasticbeanstalk.com]]>
              </value>
            </param>
            <param index="1">
              <value>
                <![CDATA[Content-Type]]>
              </value>
            </param>
            <param index="2">
              <value>
                <![CDATA[application/json]]>
              </value>
            </param>
            <param index="3">
              <value>
                <![CDATA[Authorization]]>
              </value>
            </param>
            <param index="4">
              <value>
                <![CDATA[TGCb5DhctUYBdzBB6XZVI9NbsOywxlPfnZGBc1dWva98YkHuiJPlNeeZeWu8RnPi]]>
              </value>
            </param>
            <param index="5">
              <value>
                <![CDATA[/api/Currencies]]>
              </value>
            </param>
            <param index="6">
              <value>
                <![CDATA[172]]>
              </value>
            </param>
          </params>
          <exception class="java.lang.IllegalArgumentException">
            <message>
              <![CDATA[Schema to use cannot be null]]>
            </message>
            <full-stacktrace>
              <![CDATA[java.lang.IllegalArgumentException: Schema to use cannot be null
at io.restassured.module.jsv.JsonSchemaValidator.validateSchemaIsNotNull(JsonSchemaValidator.java:270)
at io.restassured.module.jsv.JsonSchemaValidator.access$300(JsonSchemaValidator.java:75)
at io.restassured.module.jsv.JsonSchemaValidator$JsonSchemaValidatorFactory.create(JsonSchemaValidator.java:281)
at io.restassured.module.jsv.JsonSchemaValidator.matchesJsonSchema(JsonSchemaValidator.java:166)
at io.restassured.module.jsv.JsonSchemaValidator.matchesJsonSchemaInClasspath(JsonSchemaValidator.java:117)
at AppTest.AppTest.API_Responsebody_Array_Length1(AppTest.java:184)
at java.base/jdk.internal.reflect.NativeMethodAccessorImpl.invoke0(Native Method)
at java.base/jdk.internal.reflect.NativeMethodAccessorImpl.invoke(NativeMethodAccessorImpl.java:62)
at java.base/jdk.internal.reflect.DelegatingMethodAccessorImpl.invoke(DelegatingMethodAccessorImpl.java:43)
at java.base/java.lang.reflect.Method.invoke(Method.java:567)
at org.testng.internal.MethodInvocationHelper.invokeMethod(MethodInvocationHelper.java:124)
at org.testng.internal.Invoker.invokeMethod(Invoker.java:583)
at org.testng.internal.Invoker.invokeTestMethod(Invoker.java:719)
at org.testng.internal.Invoker.invokeTestMethods(Invoker.java:989)
at org.testng.internal.TestMethodWorker.invokeTestMethods(TestMethodWorker.java:125)
at org.testng.internal.TestMethodWorker.run(TestMethodWorker.java:109)
at org.testng.TestRunner.privateRun(TestRunner.java:648)
at org.testng.TestRunner.run(TestRunner.java:505)
at org.testng.SuiteRunner.runTest(SuiteRunner.java:455)
at org.testng.SuiteRunner.runSequentially(SuiteRunner.java:450)
at org.testng.SuiteRunner.privateRun(SuiteRunner.java:415)
at org.testng.SuiteRunner.run(SuiteRunner.java:364)
at org.testng.SuiteRunnerWorker.runSuite(SuiteRunnerWorker.java:52)
at org.testng.SuiteRunnerWorker.run(SuiteRunnerWorker.java:84)
at org.testng.TestNG.runSuitesSequentially(TestNG.java:1208)
at org.testng.TestNG.runSuitesLocally(TestNG.java:1137)
at org.testng.TestNG.runSuites(TestNG.java:1049)
at org.testng.TestNG.run(TestNG.java:1017)
at org.testng.remote.AbstractRemoteTestNG.run(AbstractRemoteTestNG.java:115)
at org.testng.remote.RemoteTestNG.initAndRun(RemoteTestNG.java:251)
at org.testng.remote.RemoteTestNG.main(RemoteTestNG.java:77)
]]>
            </full-stacktrace>
          </exception> <!-- java.lang.IllegalArgumentException -->
          <reporter-output>
          </reporter-output>
        </test-method> <!-- API_Responsebody_Array_Length1 -->
        <test-method signature="API_Responsebody_Correct_Content_Header(java.lang.String, java.lang.String, java.lang.String, java.lang.String, java.lang.String, java.lang.String, java.lang.String)[pri:0, instance:AppTest.AppTest@8909f18]" started-at="2019-07-22T13:03:42Z" name="API_Responsebody_Correct_Content_Header" data-provider="API_Data" finished-at="2019-07-22T13:03:42Z" duration-ms="762" status="PASS">
          <params>
            <param index="0">
              <value>
                <![CDATA[http://webapicalpro-env.us-west-2.elasticbeanstalk.com]]>
              </value>
            </param>
            <param index="1">
              <value>
                <![CDATA[Content-Type]]>
              </value>
            </param>
            <param index="2">
              <value>
                <![CDATA[application/json]]>
              </value>
            </param>
            <param index="3">
              <value>
                <![CDATA[Authorization]]>
              </value>
            </param>
            <param index="4">
              <value>
                <![CDATA[TGCb5DhctUYBdzBB6XZVI9NbsOywxlPfnZGBc1dWva98YkHuiJPlNeeZeWu8RnPi]]>
              </value>
            </param>
            <param index="5">
              <value>
                <![CDATA[/api/FilingTypes]]>
              </value>
            </param>
            <param index="6">
              <value>
                <![CDATA[3]]>
              </value>
            </param>
          </params>
          <reporter-output>
          </reporter-output>
        </test-method> <!-- API_Responsebody_Correct_Content_Header -->
        <test-method signature="API_Responsebody_Correct_Content_Header(java.lang.String, java.lang.String, java.lang.String, java.lang.String, java.lang.String, java.lang.String, java.lang.String)[pri:0, instance:AppTest.AppTest@8909f18]" started-at="2019-07-22T13:03:42Z" name="API_Responsebody_Correct_Content_Header" data-provider="API_Data" finished-at="2019-07-22T13:03:43Z" duration-ms="717" status="PASS">
          <params>
            <param index="0">
              <value>
                <![CDATA[http://webapicalpro-env.us-west-2.elasticbeanstalk.com]]>
              </value>
            </param>
            <param index="1">
              <value>
                <![CDATA[Content-Type]]>
              </value>
            </param>
            <param index="2">
              <value>
                <![CDATA[application/json]]>
              </value>
            </param>
            <param index="3">
              <value>
                <![CDATA[Authorization]]>
              </value>
            </param>
            <param index="4">
              <value>
                <![CDATA[TGCb5DhctUYBdzBB6XZVI9NbsOywxlPfnZGBc1dWva98YkHuiJPlNeeZeWu8RnPi]]>
              </value>
            </param>
            <param index="5">
              <value>
                <![CDATA[/api/Currencies]]>
              </value>
            </param>
            <param index="6">
              <value>
                <![CDATA[172]]>
              </value>
            </param>
          </params>
          <reporter-output>
          </reporter-output>
        </test-method> <!-- API_Responsebody_Correct_Content_Header -->
        <test-method signature="API_Status_Code(java.lang.String, java.lang.String, java.lang.String, java.lang.String, java.lang.String, java.lang.String, java.lang.String)[pri:0, instance:AppTest.AppTest@8909f18]" started-at="2019-07-22T13:03:43Z" name="API_Status_Code" data-provider="API_Data" finished-at="2019-07-22T13:03:44Z" duration-ms="698" status="PASS">
          <params>
            <param index="0">
              <value>
                <![CDATA[http://webapicalpro-env.us-west-2.elasticbeanstalk.com]]>
              </value>
            </param>
            <param index="1">
              <value>
                <![CDATA[Content-Type]]>
              </value>
            </param>
            <param index="2">
              <value>
                <![CDATA[application/json]]>
              </value>
            </param>
            <param index="3">
              <value>
                <![CDATA[Authorization]]>
              </value>
            </param>
            <param index="4">
              <value>
                <![CDATA[TGCb5DhctUYBdzBB6XZVI9NbsOywxlPfnZGBc1dWva98YkHuiJPlNeeZeWu8RnPi]]>
              </value>
            </param>
            <param index="5">
              <value>
                <![CDATA[/api/FilingTypes]]>
              </value>
            </param>
            <param index="6">
              <value>
                <![CDATA[3]]>
              </value>
            </param>
          </params>
          <reporter-output>
          </reporter-output>
        </test-method> <!-- API_Status_Code -->
        <test-method signature="API_Status_Code(java.lang.String, java.lang.String, java.lang.String, java.lang.String, java.lang.String, java.lang.String, java.lang.String)[pri:0, instance:AppTest.AppTest@8909f18]" started-at="2019-07-22T13:03:44Z" name="API_Status_Code" data-provider="API_Data" finished-at="2019-07-22T13:03:45Z" duration-ms="696" status="PASS">
          <params>
            <param index="0">
              <value>
                <![CDATA[http://webapicalpro-env.us-west-2.elasticbeanstalk.com]]>
              </value>
            </param>
            <param index="1">
              <value>
                <![CDATA[Content-Type]]>
              </value>
            </param>
            <param index="2">
              <value>
                <![CDATA[application/json]]>
              </value>
            </param>
            <param index="3">
              <value>
                <![CDATA[Authorization]]>
              </value>
            </param>
            <param index="4">
              <value>
                <![CDATA[TGCb5DhctUYBdzBB6XZVI9NbsOywxlPfnZGBc1dWva98YkHuiJPlNeeZeWu8RnPi]]>
              </value>
            </param>
            <param index="5">
              <value>
                <![CDATA[/api/Currencies]]>
              </value>
            </param>
            <param index="6">
              <value>
                <![CDATA[172]]>
              </value>
            </param>
          </params>
          <reporter-output>
          </reporter-output>
        </test-method> <!-- API_Status_Code -->
      </class> <!-- AppTest.AppTest -->
    </test> <!-- Default test -->
  </suite> <!-- Default suite -->
</testng-results>
